#
# There is insufficient memory for the Java Runtime Environment to continue.
# Native memory allocation (malloc) failed to allocate 313936 bytes for Chunk::new
# Possible reasons:
#   The system is out of physical RAM or swap space
#   The process is running with CompressedOops enabled, and the Java Heap may be blocking the growth of the native heap
# Possible solutions:
#   Reduce memory load on the system
#   Increase physical memory or swap space
#   Check if swap backing store is full
#   Decrease Java heap size (-Xmx/-Xms)
#   Decrease number of Java threads
#   Decrease Java thread stack sizes (-Xss)
#   Set larger code cache with -XX:ReservedCodeCacheSize=
#   JVM is running with Unscaled Compressed Oops mode in which the Java heap is
#     placed in the first 4GB address space. The Java Heap base address is the
#     maximum limit for the native heap growth. Please use -XX:HeapBaseMinAddress
#     to set the Java Heap base and to place the Java Heap above 4GB virtual address.
# This output file may be truncated or incomplete.
#
#  Out of Memory Error (./open/src/hotspot/share/memory/arena.cpp:197), pid=9620, tid=8688
#
# JRE version: Java(TM) SE Runtime Environment 18.9 (11.0.12+8) (build 11.0.12+8-LTS-237)
# Java VM: Java HotSpot(TM) 64-Bit Server VM 18.9 (11.0.12+8-LTS-237, mixed mode, tiered, compressed oops, g1 gc, windows-amd64)
# No core dump will be written. Minidumps are not enabled by default on client versions of Windows
#

---------------  S U M M A R Y ------------

Command Line: c:\Users\Stutya\.vscode\extensions\salesforce.salesforce-vscode-slds-1.4.8\lsp-0.0.13-executable.jar --PORT=57990

Host: Intel(R) Core(TM) i5-2450M CPU @ 2.50GHz, 4 cores, 7G,  Windows 10 , 64 bit Build 19041 (10.0.19041.3570)
Time: Mon Nov  6 18:03:44 2023 India Standard Time elapsed time: 7.842935 seconds (0d 0h 0m 7s)

---------------  T H R E A D  ---------------

Current thread (0x000001f914f88800):  JavaThread "C2 CompilerThread1" daemon [_thread_in_native, id=8688, stack(0x0000000ed2000000,0x0000000ed2100000)]


Current CompileTask:
C2:   7843 2895   !   4       java.util.concurrent.ConcurrentHashMap::putVal (432 bytes)

Stack: [0x0000000ed2000000,0x0000000ed2100000]
Native frames: (J=compiled Java code, j=interpreted, Vv=VM code, C=native code)
V  [jvm.dll+0x617d9a]
V  [jvm.dll+0x74eeef]
V  [jvm.dll+0x750599]
V  [jvm.dll+0x750c23]
V  [jvm.dll+0x2438d8]
V  [jvm.dll+0xba6dc]
V  [jvm.dll+0xbac9c]
V  [jvm.dll+0x3469b7]
V  [jvm.dll+0x3147a3]
V  [jvm.dll+0x313aea]
V  [jvm.dll+0x1fd105]
V  [jvm.dll+0x1fc2ed]
V  [jvm.dll+0x17f18c]
V  [jvm.dll+0x20b87c]
V  [jvm.dll+0x20997b]
V  [jvm.dll+0x716359]
V  [jvm.dll+0x70f064]
V  [jvm.dll+0x616f66]
C  [ucrtbase.dll+0x21bb2]
C  [KERNEL32.DLL+0x17344]
C  [ntdll.dll+0x526b1]


---------------  P R O C E S S  ---------------

Threads class SMR info:
_java_thread_list=0x000001f915951100, length=12, elements={
0x000001f974497800, 0x000001f97fa0c800, 0x000001f97fa0d800, 0x000001f97faa5000,
0x000001f97faa8000, 0x000001f97faa9800, 0x000001f97faaa800, 0x000001f97fa51800,
0x000001f97fb04000, 0x000001f97fc14800, 0x000001f914226000, 0x000001f914f88800
}

Java Threads: ( => current thread )
  0x000001f974497800 JavaThread "main" [_thread_in_vm, id=10224, stack(0x0000000ed0d00000,0x0000000ed0e00000)]
  0x000001f97fa0c800 JavaThread "Reference Handler" daemon [_thread_blocked, id=10872, stack(0x0000000ed1400000,0x0000000ed1500000)]
  0x000001f97fa0d800 JavaThread "Finalizer" daemon [_thread_blocked, id=7588, stack(0x0000000ed1500000,0x0000000ed1600000)]
  0x000001f97faa5000 JavaThread "Signal Dispatcher" daemon [_thread_blocked, id=3528, stack(0x0000000ed1600000,0x0000000ed1700000)]
  0x000001f97faa8000 JavaThread "Attach Listener" daemon [_thread_blocked, id=11292, stack(0x0000000ed1700000,0x0000000ed1800000)]
  0x000001f97faa9800 JavaThread "Service Thread" daemon [_thread_blocked, id=3452, stack(0x0000000ed1800000,0x0000000ed1900000)]
  0x000001f97faaa800 JavaThread "C2 CompilerThread0" daemon [_thread_blocked, id=5960, stack(0x0000000ed1900000,0x0000000ed1a00000)]
  0x000001f97fa51800 JavaThread "C1 CompilerThread0" daemon [_thread_in_native, id=2960, stack(0x0000000ed1a00000,0x0000000ed1b00000)]
  0x000001f97fb04000 JavaThread "Sweeper thread" daemon [_thread_blocked, id=6808, stack(0x0000000ed1b00000,0x0000000ed1c00000)]
  0x000001f97fc14800 JavaThread "Common-Cleaner" daemon [_thread_blocked, id=10008, stack(0x0000000ed1d00000,0x0000000ed1e00000)]
  0x000001f914226000 JavaThread "pool-1-thread-1" [_thread_in_native, id=12260, stack(0x0000000ed2100000,0x0000000ed2200000)]
=>0x000001f914f88800 JavaThread "C2 CompilerThread1" daemon [_thread_in_native, id=8688, stack(0x0000000ed2000000,0x0000000ed2100000)]

Other Threads:
  0x000001f97fa0a000 VMThread "VM Thread" [stack: 0x0000000ed1300000,0x0000000ed1400000] [id=13208]
  0x000001f97fc12000 WatcherThread [stack: 0x0000000ed1c00000,0x0000000ed1d00000] [id=1692]
  0x000001f9744ac800 GCTaskThread "GC Thread#0" [stack: 0x0000000ed0e00000,0x0000000ed0f00000] [id=8816]
  0x000001f9138e1800 GCTaskThread "GC Thread#1" [stack: 0x0000000ed1e00000,0x0000000ed1f00000] [id=8404]
  0x000001f913a20000 GCTaskThread "GC Thread#2" [stack: 0x0000000ed1f00000,0x0000000ed2000000] [id=2240]
  0x000001f9150a2800 GCTaskThread "GC Thread#3" [stack: 0x0000000ed2200000,0x0000000ed2300000] [id=10940]
  0x000001f9744dd800 ConcurrentGCThread "G1 Main Marker" [stack: 0x0000000ed0f00000,0x0000000ed1000000] [id=8156]
  0x000001f9744df000 ConcurrentGCThread "G1 Conc#0" [stack: 0x0000000ed1000000,0x0000000ed1100000] [id=3316]
  0x000001f97f872800 ConcurrentGCThread "G1 Refine#0" [stack: 0x0000000ed1100000,0x0000000ed1200000] [id=12076]
  0x000001f97f873800 ConcurrentGCThread "G1 Young RemSet Sampling" [stack: 0x0000000ed1200000,0x0000000ed1300000] [id=1140]

Threads with active compile tasks:
C2 CompilerThread0   7908 2904       4       jdk.internal.reflect.UTF8::utf8Length (81 bytes)
C1 CompilerThread0   7908 2901       3       com.fasterxml.jackson.core.json.UTF8StreamJsonParser::nextToken (492 bytes)
C2 CompilerThread1   7908 2895   !   4       java.util.concurrent.ConcurrentHashMap::putVal (432 bytes)

VM state:not at safepoint (normal execution)

VM Mutex/Monitor currently owned by a thread: None

Heap address: 0x0000000081400000, size: 2028 MB, Compressed Oops mode: 32-bit
Narrow klass base: 0x0000000000000000, Narrow klass shift: 3
Compressed class space size: 1073741824 Address: 0x0000000100000000

Heap:
 garbage-first heap   total 131072K, used 55878K [0x0000000081400000, 0x0000000100000000)
  region size 1024K, 56 young (57344K), 6 survivors (6144K)
 Metaspace       used 28137K, capacity 28738K, committed 28928K, reserved 1075200K
  class space    used 3060K, capacity 3308K, committed 3328K, reserved 1048576K
Heap Regions: E=young(eden), S=young(survivor), O=old, HS=humongous(starts), HC=humongous(continues), CS=collection set, F=free, A=archive, TAMS=top-at-mark-start (previous, next)
|   0|0x0000000081400000, 0x0000000081414000, 0x0000000081500000|  7%| O|  |TAMS 0x0000000081414000, 0x0000000081400000| Untracked 
|   1|0x0000000081500000, 0x0000000081500000, 0x0000000081600000|  0%| F|  |TAMS 0x0000000081500000, 0x0000000081500000| Untracked 
|   2|0x0000000081600000, 0x0000000081600000, 0x0000000081700000|  0%| F|  |TAMS 0x0000000081600000, 0x0000000081600000| Untracked 
|   3|0x0000000081700000, 0x0000000081700000, 0x0000000081800000|  0%| F|  |TAMS 0x0000000081700000, 0x0000000081700000| Untracked 
|   4|0x0000000081800000, 0x0000000081800000, 0x0000000081900000|  0%| F|  |TAMS 0x0000000081800000, 0x0000000081800000| Untracked 
|   5|0x0000000081900000, 0x0000000081900000, 0x0000000081a00000|  0%| F|  |TAMS 0x0000000081900000, 0x0000000081900000| Untracked 
|   6|0x0000000081a00000, 0x0000000081a00000, 0x0000000081b00000|  0%| F|  |TAMS 0x0000000081a00000, 0x0000000081a00000| Untracked 
|   7|0x0000000081b00000, 0x0000000081b00000, 0x0000000081c00000|  0%| F|  |TAMS 0x0000000081b00000, 0x0000000081b00000| Untracked 
|   8|0x0000000081c00000, 0x0000000081c00000, 0x0000000081d00000|  0%| F|  |TAMS 0x0000000081c00000, 0x0000000081c00000| Untracked 
|   9|0x0000000081d00000, 0x0000000081d00000, 0x0000000081e00000|  0%| F|  |TAMS 0x0000000081d00000, 0x0000000081d00000| Untracked 
|  10|0x0000000081e00000, 0x0000000081e00000, 0x0000000081f00000|  0%| F|  |TAMS 0x0000000081e00000, 0x0000000081e00000| Untracked 
|  11|0x0000000081f00000, 0x0000000081f00000, 0x0000000082000000|  0%| F|  |TAMS 0x0000000081f00000, 0x0000000081f00000| Untracked 
|  12|0x0000000082000000, 0x0000000082000000, 0x0000000082100000|  0%| F|  |TAMS 0x0000000082000000, 0x0000000082000000| Untracked 
|  13|0x0000000082100000, 0x0000000082100000, 0x0000000082200000|  0%| F|  |TAMS 0x0000000082100000, 0x0000000082100000| Untracked 
|  14|0x0000000082200000, 0x0000000082200000, 0x0000000082300000|  0%| F|  |TAMS 0x0000000082200000, 0x0000000082200000| Untracked 
|  15|0x0000000082300000, 0x0000000082300000, 0x0000000082400000|  0%| F|  |TAMS 0x0000000082300000, 0x0000000082300000| Untracked 
|  16|0x0000000082400000, 0x0000000082400000, 0x0000000082500000|  0%| F|  |TAMS 0x0000000082400000, 0x0000000082400000| Untracked 
|  17|0x0000000082500000, 0x0000000082500000, 0x0000000082600000|  0%| F|  |TAMS 0x0000000082500000, 0x0000000082500000| Untracked 
|  18|0x0000000082600000, 0x0000000082600000, 0x0000000082700000|  0%| F|  |TAMS 0x0000000082600000, 0x0000000082600000| Untracked 
|  19|0x0000000082700000, 0x0000000082700000, 0x0000000082800000|  0%| F|  |TAMS 0x0000000082700000, 0x0000000082700000| Untracked 
|  20|0x0000000082800000, 0x0000000082800000, 0x0000000082900000|  0%| F|  |TAMS 0x0000000082800000, 0x0000000082800000| Untracked 
|  21|0x0000000082900000, 0x0000000082900000, 0x0000000082a00000|  0%| F|  |TAMS 0x0000000082900000, 0x0000000082900000| Untracked 
|  22|0x0000000082a00000, 0x0000000082a00000, 0x0000000082b00000|  0%| F|  |TAMS 0x0000000082a00000, 0x0000000082a00000| Untracked 
|  23|0x0000000082b00000, 0x0000000082b00000, 0x0000000082c00000|  0%| F|  |TAMS 0x0000000082b00000, 0x0000000082b00000| Untracked 
|  24|0x0000000082c00000, 0x0000000082c00000, 0x0000000082d00000|  0%| F|  |TAMS 0x0000000082c00000, 0x0000000082c00000| Untracked 
|  25|0x0000000082d00000, 0x0000000082d00000, 0x0000000082e00000|  0%| F|  |TAMS 0x0000000082d00000, 0x0000000082d00000| Untracked 
|  26|0x0000000082e00000, 0x0000000082e00000, 0x0000000082f00000|  0%| F|  |TAMS 0x0000000082e00000, 0x0000000082e00000| Untracked 
|  27|0x0000000082f00000, 0x0000000082f00000, 0x0000000083000000|  0%| F|  |TAMS 0x0000000082f00000, 0x0000000082f00000| Untracked 
|  28|0x0000000083000000, 0x0000000083000000, 0x0000000083100000|  0%| F|  |TAMS 0x0000000083000000, 0x0000000083000000| Untracked 
|  29|0x0000000083100000, 0x0000000083100000, 0x0000000083200000|  0%| F|  |TAMS 0x0000000083100000, 0x0000000083100000| Untracked 
|  30|0x0000000083200000, 0x0000000083200000, 0x0000000083300000|  0%| F|  |TAMS 0x0000000083200000, 0x0000000083200000| Untracked 
|  31|0x0000000083300000, 0x0000000083300000, 0x0000000083400000|  0%| F|  |TAMS 0x0000000083300000, 0x0000000083300000| Untracked 
|  32|0x0000000083400000, 0x0000000083400000, 0x0000000083500000|  0%| F|  |TAMS 0x0000000083400000, 0x0000000083400000| Untracked 
|  33|0x0000000083500000, 0x0000000083500000, 0x0000000083600000|  0%| F|  |TAMS 0x0000000083500000, 0x0000000083500000| Untracked 
|  34|0x0000000083600000, 0x0000000083600000, 0x0000000083700000|  0%| F|  |TAMS 0x0000000083600000, 0x0000000083600000| Untracked 
|  35|0x0000000083700000, 0x0000000083700000, 0x0000000083800000|  0%| F|  |TAMS 0x0000000083700000, 0x0000000083700000| Untracked 
|  36|0x0000000083800000, 0x0000000083800000, 0x0000000083900000|  0%| F|  |TAMS 0x0000000083800000, 0x0000000083800000| Untracked 
|  37|0x0000000083900000, 0x0000000083900000, 0x0000000083a00000|  0%| F|  |TAMS 0x0000000083900000, 0x0000000083900000| Untracked 
|  38|0x0000000083a00000, 0x0000000083a00000, 0x0000000083b00000|  0%| F|  |TAMS 0x0000000083a00000, 0x0000000083a00000| Untracked 
|  39|0x0000000083b00000, 0x0000000083b00000, 0x0000000083c00000|  0%| F|  |TAMS 0x0000000083b00000, 0x0000000083b00000| Untracked 
|  40|0x0000000083c00000, 0x0000000083c00000, 0x0000000083d00000|  0%| F|  |TAMS 0x0000000083c00000, 0x0000000083c00000| Untracked 
|  41|0x0000000083d00000, 0x0000000083d00000, 0x0000000083e00000|  0%| F|  |TAMS 0x0000000083d00000, 0x0000000083d00000| Untracked 
|  42|0x0000000083e00000, 0x0000000083e00000, 0x0000000083f00000|  0%| F|  |TAMS 0x0000000083e00000, 0x0000000083e00000| Untracked 
|  43|0x0000000083f00000, 0x0000000083f00000, 0x0000000084000000|  0%| F|  |TAMS 0x0000000083f00000, 0x0000000083f00000| Untracked 
|  44|0x0000000084000000, 0x0000000084000000, 0x0000000084100000|  0%| F|  |TAMS 0x0000000084000000, 0x0000000084000000| Untracked 
|  45|0x0000000084100000, 0x0000000084100000, 0x0000000084200000|  0%| F|  |TAMS 0x0000000084100000, 0x0000000084100000| Untracked 
|  46|0x0000000084200000, 0x0000000084200000, 0x0000000084300000|  0%| F|  |TAMS 0x0000000084200000, 0x0000000084200000| Untracked 
|  47|0x0000000084300000, 0x0000000084300000, 0x0000000084400000|  0%| F|  |TAMS 0x0000000084300000, 0x0000000084300000| Untracked 
|  48|0x0000000084400000, 0x0000000084400000, 0x0000000084500000|  0%| F|  |TAMS 0x0000000084400000, 0x0000000084400000| Untracked 
|  49|0x0000000084500000, 0x0000000084500000, 0x0000000084600000|  0%| F|  |TAMS 0x0000000084500000, 0x0000000084500000| Untracked 
|  50|0x0000000084600000, 0x0000000084600000, 0x0000000084700000|  0%| F|  |TAMS 0x0000000084600000, 0x0000000084600000| Untracked 
|  51|0x0000000084700000, 0x0000000084700000, 0x0000000084800000|  0%| F|  |TAMS 0x0000000084700000, 0x0000000084700000| Untracked 
|  52|0x0000000084800000, 0x0000000084800000, 0x0000000084900000|  0%| F|  |TAMS 0x0000000084800000, 0x0000000084800000| Untracked 
|  53|0x0000000084900000, 0x0000000084900000, 0x0000000084a00000|  0%| F|  |TAMS 0x0000000084900000, 0x0000000084900000| Untracked 
|  54|0x0000000084a00000, 0x0000000084a00000, 0x0000000084b00000|  0%| F|  |TAMS 0x0000000084a00000, 0x0000000084a00000| Untracked 
|  55|0x0000000084b00000, 0x0000000084b00000, 0x0000000084c00000|  0%| F|  |TAMS 0x0000000084b00000, 0x0000000084b00000| Untracked 
|  56|0x0000000084c00000, 0x0000000084c00000, 0x0000000084d00000|  0%| F|  |TAMS 0x0000000084c00000, 0x0000000084c00000| Untracked 
|  57|0x0000000084d00000, 0x0000000084d00000, 0x0000000084e00000|  0%| F|  |TAMS 0x0000000084d00000, 0x0000000084d00000| Untracked 
|  58|0x0000000084e00000, 0x0000000084e00000, 0x0000000084f00000|  0%| F|  |TAMS 0x0000000084e00000, 0x0000000084e00000| Untracked 
|  59|0x0000000084f00000, 0x0000000084f00000, 0x0000000085000000|  0%| F|  |TAMS 0x0000000084f00000, 0x0000000084f00000| Untracked 
|  60|0x0000000085000000, 0x0000000085000000, 0x0000000085100000|  0%| F|  |TAMS 0x0000000085000000, 0x0000000085000000| Untracked 
|  61|0x0000000085100000, 0x0000000085100000, 0x0000000085200000|  0%| F|  |TAMS 0x0000000085100000, 0x0000000085100000| Untracked 
|  62|0x0000000085200000, 0x0000000085200000, 0x0000000085300000|  0%| F|  |TAMS 0x0000000085200000, 0x0000000085200000| Untracked 
|  63|0x0000000085300000, 0x0000000085300000, 0x0000000085400000|  0%| F|  |TAMS 0x0000000085300000, 0x0000000085300000| Untracked 
|  64|0x0000000085400000, 0x0000000085400000, 0x0000000085500000|  0%| F|  |TAMS 0x0000000085400000, 0x0000000085400000| Untracked 
|  65|0x0000000085500000, 0x0000000085500000, 0x0000000085600000|  0%| F|  |TAMS 0x0000000085500000, 0x0000000085500000| Untracked 
|  66|0x0000000085600000, 0x0000000085600000, 0x0000000085700000|  0%| F|  |TAMS 0x0000000085600000, 0x0000000085600000| Untracked 
|  67|0x0000000085700000, 0x0000000085700000, 0x0000000085800000|  0%| F|  |TAMS 0x0000000085700000, 0x0000000085700000| Untracked 
|  68|0x0000000085800000, 0x0000000085800000, 0x0000000085900000|  0%| F|  |TAMS 0x0000000085800000, 0x0000000085800000| Untracked 
|  69|0x0000000085900000, 0x0000000085900000, 0x0000000085a00000|  0%| F|  |TAMS 0x0000000085900000, 0x0000000085900000| Untracked 
|  70|0x0000000085a00000, 0x0000000085a00000, 0x0000000085b00000|  0%| F|  |TAMS 0x0000000085a00000, 0x0000000085a00000| Untracked 
|  71|0x0000000085b00000, 0x0000000085b00000, 0x0000000085c00000|  0%| F|  |TAMS 0x0000000085b00000, 0x0000000085b00000| Untracked 
|  72|0x0000000085c00000, 0x0000000085c80800, 0x0000000085d00000| 50%| E|  |TAMS 0x0000000085c00000, 0x0000000085c00000| Complete 
|  73|0x0000000085d00000, 0x0000000085e00000, 0x0000000085e00000|100%| E|CS|TAMS 0x0000000085d00000, 0x0000000085d00000| Complete 
|  74|0x0000000085e00000, 0x0000000085f00000, 0x0000000085f00000|100%| E|CS|TAMS 0x0000000085e00000, 0x0000000085e00000| Complete 
|  75|0x0000000085f00000, 0x0000000086000000, 0x0000000086000000|100%| E|CS|TAMS 0x0000000085f00000, 0x0000000085f00000| Complete 
|  76|0x0000000086000000, 0x0000000086100000, 0x0000000086100000|100%| E|CS|TAMS 0x0000000086000000, 0x0000000086000000| Complete 
|  77|0x0000000086100000, 0x0000000086200000, 0x0000000086200000|100%| E|CS|TAMS 0x0000000086100000, 0x0000000086100000| Complete 
|  78|0x0000000086200000, 0x0000000086300000, 0x0000000086300000|100%| E|CS|TAMS 0x0000000086200000, 0x0000000086200000| Complete 
|  79|0x0000000086300000, 0x0000000086400000, 0x0000000086400000|100%| E|CS|TAMS 0x0000000086300000, 0x0000000086300000| Complete 
|  80|0x0000000086400000, 0x0000000086500000, 0x0000000086500000|100%| E|CS|TAMS 0x0000000086400000, 0x0000000086400000| Complete 
|  81|0x0000000086500000, 0x0000000086600000, 0x0000000086600000|100%| E|CS|TAMS 0x0000000086500000, 0x0000000086500000| Complete 
|  82|0x0000000086600000, 0x0000000086700000, 0x0000000086700000|100%| E|CS|TAMS 0x0000000086600000, 0x0000000086600000| Complete 
|  83|0x0000000086700000, 0x0000000086800000, 0x0000000086800000|100%| E|CS|TAMS 0x0000000086700000, 0x0000000086700000| Complete 
|  84|0x0000000086800000, 0x0000000086900000, 0x0000000086900000|100%| E|CS|TAMS 0x0000000086800000, 0x0000000086800000| Complete 
|  85|0x0000000086900000, 0x0000000086a00000, 0x0000000086a00000|100%| E|CS|TAMS 0x0000000086900000, 0x0000000086900000| Complete 
|  86|0x0000000086a00000, 0x0000000086b00000, 0x0000000086b00000|100%| E|CS|TAMS 0x0000000086a00000, 0x0000000086a00000| Complete 
|  87|0x0000000086b00000, 0x0000000086c00000, 0x0000000086c00000|100%| E|CS|TAMS 0x0000000086b00000, 0x0000000086b00000| Complete 
|  88|0x0000000086c00000, 0x0000000086d00000, 0x0000000086d00000|100%| E|CS|TAMS 0x0000000086c00000, 0x0000000086c00000| Complete 
|  89|0x0000000086d00000, 0x0000000086d7daa0, 0x0000000086e00000| 49%| S|CS|TAMS 0x0000000086d00000, 0x0000000086d00000| Complete 
|  90|0x0000000086e00000, 0x0000000086f00000, 0x0000000086f00000|100%| S|CS|TAMS 0x0000000086e00000, 0x0000000086e00000| Complete 
|  91|0x0000000086f00000, 0x0000000087000000, 0x0000000087000000|100%| S|CS|TAMS 0x0000000086f00000, 0x0000000086f00000| Complete 
|  92|0x0000000087000000, 0x0000000087100000, 0x0000000087100000|100%| S|CS|TAMS 0x0000000087000000, 0x0000000087000000| Complete 
|  93|0x0000000087100000, 0x0000000087200000, 0x0000000087200000|100%| S|CS|TAMS 0x0000000087100000, 0x0000000087100000| Complete 
|  94|0x0000000087200000, 0x0000000087300000, 0x0000000087300000|100%| S|CS|TAMS 0x0000000087200000, 0x0000000087200000| Complete 
|  95|0x0000000087300000, 0x0000000087400000, 0x0000000087400000|100%| E|CS|TAMS 0x0000000087300000, 0x0000000087300000| Complete 
|  96|0x0000000087400000, 0x0000000087500000, 0x0000000087500000|100%| E|CS|TAMS 0x0000000087400000, 0x0000000087400000| Complete 
|  97|0x0000000087500000, 0x0000000087600000, 0x0000000087600000|100%| E|CS|TAMS 0x0000000087500000, 0x0000000087500000| Complete 
|  98|0x0000000087600000, 0x0000000087700000, 0x0000000087700000|100%| E|CS|TAMS 0x0000000087600000, 0x0000000087600000| Complete 
|  99|0x0000000087700000, 0x0000000087800000, 0x0000000087800000|100%| E|CS|TAMS 0x0000000087700000, 0x0000000087700000| Complete 
| 100|0x0000000087800000, 0x0000000087900000, 0x0000000087900000|100%| E|CS|TAMS 0x0000000087800000, 0x0000000087800000| Complete 
| 101|0x0000000087900000, 0x0000000087a00000, 0x0000000087a00000|100%| E|CS|TAMS 0x0000000087900000, 0x0000000087900000| Complete 
| 102|0x0000000087a00000, 0x0000000087b00000, 0x0000000087b00000|100%| E|CS|TAMS 0x0000000087a00000, 0x0000000087a00000| Complete 
| 103|0x0000000087b00000, 0x0000000087c00000, 0x0000000087c00000|100%| E|CS|TAMS 0x0000000087b00000, 0x0000000087b00000| Complete 
| 104|0x0000000087c00000, 0x0000000087d00000, 0x0000000087d00000|100%| E|CS|TAMS 0x0000000087c00000, 0x0000000087c00000| Complete 
| 105|0x0000000087d00000, 0x0000000087e00000, 0x0000000087e00000|100%| E|CS|TAMS 0x0000000087d00000, 0x0000000087d00000| Complete 
| 106|0x0000000087e00000, 0x0000000087f00000, 0x0000000087f00000|100%| E|CS|TAMS 0x0000000087e00000, 0x0000000087e00000| Complete 
| 107|0x0000000087f00000, 0x0000000088000000, 0x0000000088000000|100%| E|CS|TAMS 0x0000000087f00000, 0x0000000087f00000| Complete 
| 108|0x0000000088000000, 0x0000000088100000, 0x0000000088100000|100%| E|CS|TAMS 0x0000000088000000, 0x0000000088000000| Complete 
| 109|0x0000000088100000, 0x0000000088200000, 0x0000000088200000|100%| E|CS|TAMS 0x0000000088100000, 0x0000000088100000| Complete 
| 110|0x0000000088200000, 0x0000000088300000, 0x0000000088300000|100%| E|CS|TAMS 0x0000000088200000, 0x0000000088200000| Complete 
| 111|0x0000000088300000, 0x0000000088400000, 0x0000000088400000|100%| E|CS|TAMS 0x0000000088300000, 0x0000000088300000| Complete 
| 112|0x0000000088400000, 0x0000000088500000, 0x0000000088500000|100%| E|CS|TAMS 0x0000000088400000, 0x0000000088400000| Complete 
| 113|0x0000000088500000, 0x0000000088600000, 0x0000000088600000|100%| E|CS|TAMS 0x0000000088500000, 0x0000000088500000| Complete 
| 114|0x0000000088600000, 0x0000000088700000, 0x0000000088700000|100%| E|CS|TAMS 0x0000000088600000, 0x0000000088600000| Complete 
| 115|0x0000000088700000, 0x0000000088800000, 0x0000000088800000|100%| E|CS|TAMS 0x0000000088700000, 0x0000000088700000| Complete 
| 116|0x0000000088800000, 0x0000000088900000, 0x0000000088900000|100%| E|CS|TAMS 0x0000000088800000, 0x0000000088800000| Complete 
| 117|0x0000000088900000, 0x0000000088a00000, 0x0000000088a00000|100%| E|CS|TAMS 0x0000000088900000, 0x0000000088900000| Complete 
| 118|0x0000000088a00000, 0x0000000088b00000, 0x0000000088b00000|100%| E|CS|TAMS 0x0000000088a00000, 0x0000000088a00000| Complete 
| 119|0x0000000088b00000, 0x0000000088c00000, 0x0000000088c00000|100%| E|CS|TAMS 0x0000000088b00000, 0x0000000088b00000| Complete 
| 120|0x0000000088c00000, 0x0000000088d00000, 0x0000000088d00000|100%| E|CS|TAMS 0x0000000088c00000, 0x0000000088c00000| Complete 
| 121|0x0000000088d00000, 0x0000000088e00000, 0x0000000088e00000|100%| E|CS|TAMS 0x0000000088d00000, 0x0000000088d00000| Complete 
| 122|0x0000000088e00000, 0x0000000088f00000, 0x0000000088f00000|100%| E|CS|TAMS 0x0000000088e00000, 0x0000000088e00000| Complete 
| 123|0x0000000088f00000, 0x0000000089000000, 0x0000000089000000|100%| E|CS|TAMS 0x0000000088f00000, 0x0000000088f00000| Complete 
| 124|0x0000000089000000, 0x0000000089100000, 0x0000000089100000|100%| E|CS|TAMS 0x0000000089000000, 0x0000000089000000| Complete 
| 125|0x0000000089100000, 0x0000000089200000, 0x0000000089200000|100%| E|CS|TAMS 0x0000000089100000, 0x0000000089100000| Complete 
| 126|0x0000000089200000, 0x0000000089300000, 0x0000000089300000|100%| E|CS|TAMS 0x0000000089200000, 0x0000000089200000| Complete 
| 127|0x0000000089300000, 0x0000000089400000, 0x0000000089400000|100%| E|CS|TAMS 0x0000000089300000, 0x0000000089300000| Complete 

Card table byte_map: [0x000001f97cd60000,0x000001f97d160000] _byte_map_base: 0x000001f97c956000

Marking Bits (Prev, Next): (CMBitMap*) 0x000001f9744d4b50, (CMBitMap*) 0x000001f9744d4b18
 Prev Bits: [0x000001f90f000000, 0x000001f910fb0000)
 Next Bits: [0x000001f97d560000, 0x000001f97f510000)

Polling page: 0x000001f972360000

Metaspace:

Usage:
  Non-class:     24.84 MB capacity,    24.50 MB ( 99%) used,   279.71 KB (  1%) free+waste,    67.56 KB ( <1%) overhead. 
      Class:      3.23 MB capacity,     2.99 MB ( 93%) used,   217.36 KB (  7%) free+waste,    30.75 KB ( <1%) overhead. 
       Both:     28.07 MB capacity,    27.49 MB ( 98%) used,   497.07 KB (  2%) free+waste,    98.31 KB ( <1%) overhead. 

Virtual space:
  Non-class space:       26.00 MB reserved,      25.00 MB ( 96%) committed 
      Class space:        1.00 GB reserved,       3.25 MB ( <1%) committed 
             Both:        1.03 GB reserved,      28.25 MB (  3%) committed 

Chunk freelists:
   Non-Class:  4.63 KB
       Class:  2.38 KB
        Both:  7.00 KB

CodeHeap 'non-profiled nmethods': size=120064Kb used=1299Kb max_used=1299Kb free=118764Kb
 bounds [0x000001f907ac0000, 0x000001f907d30000, 0x000001f90f000000]
CodeHeap 'profiled nmethods': size=120000Kb used=5939Kb max_used=5939Kb free=114061Kb
 bounds [0x000001f900590000, 0x000001f900b60000, 0x000001f907ac0000]
CodeHeap 'non-nmethods': size=5696Kb used=1144Kb max_used=1199Kb free=4551Kb
 bounds [0x000001f900000000, 0x000001f900270000, 0x000001f900590000]
 total_blobs=3375 nmethods=2899 adapters=387
 compilation: enabled
              stopped_count=0, restarted_count=0
 full_count=0

Compilation events (10 events):
Event: 7.791 Thread 0x000001f914f88800 2890       4       java.util.concurrent.ConcurrentHashMap$Node::<init> (20 bytes)
Event: 7.795 Thread 0x000001f914f88800 nmethod 2890 0x000001f907c03510 code [0x000001f907c036a0, 0x000001f907c03898]
Event: 7.795 Thread 0x000001f97faaa800 nmethod 2889 0x000001f907c03910 code [0x000001f907c03aa0, 0x000001f907c03e98]
Event: 7.795 Thread 0x000001f97fa51800 2892       3       java.util.concurrent.ConcurrentHashMap::get (162 bytes)
Event: 7.797 Thread 0x000001f97fa51800 nmethod 2892 0x000001f900b55990 code [0x000001f900b55be0, 0x000001f900b56898]
Event: 7.798 Thread 0x000001f914f88800 2893       4       java.util.TimeZone::getDefaultRef (32 bytes)
Event: 7.798 Thread 0x000001f97faaa800 2894       4       java.time.ZoneRegion::getRules (23 bytes)
Event: 7.799 Thread 0x000001f914f88800 nmethod 2893 0x000001f907c04010 code [0x000001f907c041a0, 0x000001f907c041f8]
Event: 7.799 Thread 0x000001f97faaa800 nmethod 2894 0x000001f907c04290 code [0x000001f907c04420, 0x000001f907c04498]
Event: 7.806 Thread 0x000001f914f88800 2895   !   4       java.util.concurrent.ConcurrentHashMap::putVal (432 bytes)

GC Heap History (6 events):
Event: 1.665 GC heap before
{Heap before GC invocations=0 (full 0):
 garbage-first heap   total 131072K, used 13312K [0x0000000081400000, 0x0000000100000000)
  region size 1024K, 14 young (14336K), 0 survivors (0K)
 Metaspace       used 8962K, capacity 9194K, committed 9472K, reserved 1058816K
  class space    used 818K, capacity 897K, committed 1024K, reserved 1048576K
}
Event: 1.677 GC heap after
{Heap after GC invocations=1 (full 0):
 garbage-first heap   total 131072K, used 2128K [0x0000000081400000, 0x0000000100000000)
  region size 1024K, 2 young (2048K), 2 survivors (2048K)
 Metaspace       used 8962K, capacity 9194K, committed 9472K, reserved 1058816K
  class space    used 818K, capacity 897K, committed 1024K, reserved 1048576K
}
Event: 4.524 GC heap before
{Heap before GC invocations=1 (full 0):
 garbage-first heap   total 131072K, used 77904K [0x0000000081400000, 0x0000000100000000)
  region size 1024K, 76 young (77824K), 2 survivors (2048K)
 Metaspace       used 17557K, capacity 17945K, committed 18176K, reserved 1064960K
  class space    used 1860K, capacity 2006K, committed 2048K, reserved 1048576K
}
Event: 4.536 GC heap after
{Heap after GC invocations=2 (full 0):
 garbage-first heap   total 131072K, used 4642K [0x0000000081400000, 0x0000000100000000)
  region size 1024K, 5 young (5120K), 5 survivors (5120K)
 Metaspace       used 17557K, capacity 17945K, committed 18176K, reserved 1064960K
  class space    used 1860K, capacity 2006K, committed 2048K, reserved 1048576K
}
Event: 5.624 GC heap before
{Heap before GC invocations=2 (full 0):
 garbage-first heap   total 131072K, used 37410K [0x0000000081400000, 0x0000000100000000)
  region size 1024K, 38 young (38912K), 5 survivors (5120K)
 Metaspace       used 20729K, capacity 21190K, committed 21296K, reserved 1069056K
  class space    used 2224K, capacity 2418K, committed 2432K, reserved 1048576K
}
Event: 5.638 GC heap after
{Heap after GC invocations=3 (full 0):
 garbage-first heap   total 131072K, used 5702K [0x0000000081400000, 0x0000000100000000)
  region size 1024K, 6 young (6144K), 6 survivors (6144K)
 Metaspace       used 20729K, capacity 21190K, committed 21296K, reserved 1069056K
  class space    used 2224K, capacity 2418K, committed 2432K, reserved 1048576K
}

Deoptimization events (10 events):
Event: 6.485 Thread 0x000001f974497800 Uncommon trap: reason=class_check action=maybe_recompile pc=0x000001f907bb59cc method=java.util.concurrent.ConcurrentHashMap.putVal(Ljava/lang/Object;Ljava/lang/Object;Z)Ljava/lang/Object; @ 159 c2
Event: 6.622 Thread 0x000001f974497800 Uncommon trap: reason=class_check action=maybe_recompile pc=0x000001f907bb5a64 method=java.util.concurrent.ConcurrentHashMap.putVal(Ljava/lang/Object;Ljava/lang/Object;Z)Ljava/lang/Object; @ 242 c2
Event: 6.850 Thread 0x000001f974497800 Uncommon trap: reason=unstable_if action=reinterpret pc=0x000001f907b36fa8 method=java.lang.AbstractStringBuilder.isLatin1()Z @ 10 c2
Event: 7.139 Thread 0x000001f974497800 Uncommon trap: reason=unstable_if action=reinterpret pc=0x000001f907be2bc0 method=org.yaml.snakeyaml.reader.StreamReader.ensureEnoughData(I)Z @ 34 c2
Event: 7.140 Thread 0x000001f974497800 Uncommon trap: reason=unstable_if action=reinterpret pc=0x000001f907be7268 method=org.yaml.snakeyaml.scanner.ScannerImpl.needMoreTokens()Z @ 4 c2
Event: 7.174 Thread 0x000001f974497800 Uncommon trap: reason=unstable_if action=reinterpret pc=0x000001f907b57638 method=jdk.internal.org.objectweb.asm.Type.getArgumentsAndReturnSizes(Ljava/lang/String;)I @ 136 c2
Event: 7.515 Thread 0x000001f974497800 Uncommon trap: reason=unstable_if action=reinterpret pc=0x000001f907be9a44 method=java.util.LinkedHashMap.values()Ljava/util/Collection; @ 6 c2
Event: 7.584 Thread 0x000001f974497800 Uncommon trap: reason=unstable_if action=reinterpret pc=0x000001f907be6038 method=java.util.LinkedHashMap.values()Ljava/util/Collection; @ 6 c2
Event: 7.768 Thread 0x000001f974497800 Uncommon trap: reason=class_check action=maybe_recompile pc=0x000001f907bb59cc method=java.util.concurrent.ConcurrentHashMap.putVal(Ljava/lang/Object;Ljava/lang/Object;Z)Ljava/lang/Object; @ 159 c2
Event: 7.769 Thread 0x000001f974497800 Uncommon trap: reason=unstable_if action=reinterpret pc=0x000001f907b7ca64 method=java.util.concurrent.ConcurrentHashMap.get(Ljava/lang/Object;)Ljava/lang/Object; @ 152 c2

Classes redefined (0 events):
No events

Internal exceptions (10 events):
Event: 7.232 Thread 0x000001f974497800 Exception <a 'java/lang/NoSuchMethodError'{0x0000000086405650}: java.lang.invoke.DirectMethodHandle$Holder.invokeStatic(Ljava/lang/Object;Ljava/lang/Object;Ljava/lang/Object;Ljava/lang/Object;Ljava/lang/Object;Ljava/lang/Object;Ljava/lang/Object;Ljava/lan
Event: 7.237 Thread 0x000001f974497800 Exception <a 'java/lang/NoSuchMethodError'{0x0000000086426028}: java.lang.invoke.DirectMethodHandle$Holder.invokeStatic(Ljava/lang/Object;Ljava/lang/Object;Ljava/lang/Object;Ljava/lang/Object;Ljava/lang/Object;Ljava/lang/Object;Ljava/lang/Object;Ljava/lan
Event: 7.246 Thread 0x000001f974497800 Exception <a 'java/lang/ClassNotFoundException'{0x0000000086444898}: com/salesforce/slds/validation/validators/models/PropertiesBeanInfo> (0x0000000086444898) thrown at [./open/src/hotspot/share/classfile/systemDictionary.cpp, line 228]
Event: 7.246 Thread 0x000001f974497800 Exception <a 'java/lang/ClassNotFoundException'{0x000000008644caa8}: java/lang/ObjectBeanInfo> (0x000000008644caa8) thrown at [./open/src/hotspot/share/classfile/systemDictionary.cpp, line 228]
Event: 7.247 Thread 0x000001f974497800 Exception <a 'java/lang/ClassNotFoundException'{0x0000000086454d10}: java/lang/ObjectCustomizer> (0x0000000086454d10) thrown at [./open/src/hotspot/share/classfile/systemDictionary.cpp, line 228]
Event: 7.250 Thread 0x000001f974497800 Exception <a 'java/lang/ClassNotFoundException'{0x000000008646b5a0}: com/salesforce/slds/validation/validators/models/PropertiesCustomizer> (0x000000008646b5a0) thrown at [./open/src/hotspot/share/classfile/systemDictionary.cpp, line 228]
Event: 7.288 Thread 0x000001f974497800 Exception <a 'java/lang/ClassNotFoundException'{0x00000000864979d8}: com/salesforce/slds/validation/validators/models/Properties$ItemBeanInfo> (0x00000000864979d8) thrown at [./open/src/hotspot/share/classfile/systemDictionary.cpp, line 228]
Event: 7.289 Thread 0x000001f974497800 Exception <a 'java/lang/ClassNotFoundException'{0x00000000864ab3a8}: com/salesforce/slds/validation/validators/models/Properties$ItemCustomizer> (0x00000000864ab3a8) thrown at [./open/src/hotspot/share/classfile/systemDictionary.cpp, line 228]
Event: 7.515 Thread 0x000001f974497800 Implicit null exception at 0x000001f907be97e6 to 0x000001f907be9a30
Event: 7.584 Thread 0x000001f974497800 Implicit null exception at 0x000001f907be5ea1 to 0x000001f907be6020

Events (10 events):
Event: 7.834 loading class com/fasterxml/jackson/databind/introspect/AnnotatedMethodCollector$MethodBuilder
Event: 7.834 loading class com/fasterxml/jackson/databind/introspect/AnnotatedMethodCollector$MethodBuilder done
Event: 7.835 loading class com/fasterxml/jackson/databind/introspect/AnnotatedMethodMap
Event: 7.835 loading class com/fasterxml/jackson/databind/introspect/AnnotatedMethodMap done
Event: 7.836 loading class com/fasterxml/jackson/annotation/JsonAnyGetter
Event: 7.836 loading class com/fasterxml/jackson/annotation/JsonAnyGetter done
Event: 7.837 loading class com/fasterxml/jackson/annotation/JsonGetter
Event: 7.837 loading class com/fasterxml/jackson/annotation/JsonGetter done
Event: 7.838 loading class com/fasterxml/jackson/databind/util/BeanUtil
Event: 7.838 loading class com/fasterxml/jackson/databind/util/BeanUtil done


Dynamic libraries:
0x00007ff6f4800000 - 0x00007ff6f480f000 	C:\Program Files\Java\jdk-11.0.12\bin\java.exe
0x00007fffea9d0000 - 0x00007fffeabc7000 	C:\WINDOWS\SYSTEM32\ntdll.dll
0x00007fffea890000 - 0x00007fffea94d000 	C:\WINDOWS\System32\KERNEL32.DLL
0x00007fffe8560000 - 0x00007fffe8856000 	C:\WINDOWS\System32\KERNELBASE.dll
0x00007fffe8860000 - 0x00007fffe8960000 	C:\WINDOWS\System32\ucrtbase.dll
0x00007fffe0490000 - 0x00007fffe04a5000 	C:\Program Files\Java\jdk-11.0.12\bin\VCRUNTIME140.dll
0x00007fffdaec0000 - 0x00007fffdaed8000 	C:\Program Files\Java\jdk-11.0.12\bin\jli.dll
0x00007fffea110000 - 0x00007fffea1be000 	C:\WINDOWS\System32\ADVAPI32.dll
0x00007fffea620000 - 0x00007fffea6be000 	C:\WINDOWS\System32\msvcrt.dll
0x00007fffea790000 - 0x00007fffea82c000 	C:\WINDOWS\System32\sechost.dll
0x00007fffe9e00000 - 0x00007fffe9f26000 	C:\WINDOWS\System32\RPCRT4.dll
0x00007fffe9010000 - 0x00007fffe91ae000 	C:\WINDOWS\System32\USER32.dll
0x00007fffe8960000 - 0x00007fffe8982000 	C:\WINDOWS\System32\win32u.dll
0x00007fffea950000 - 0x00007fffea97c000 	C:\WINDOWS\System32\GDI32.dll
0x00007fffd65f0000 - 0x00007fffd688a000 	C:\WINDOWS\WinSxS\amd64_microsoft.windows.common-controls_6595b64144ccf1df_6.0.19041.3570_none_60bb2a3971f3e41a\COMCTL32.dll
0x00007fffe83b0000 - 0x00007fffe84ca000 	C:\WINDOWS\System32\gdi32full.dll
0x00007fffe8990000 - 0x00007fffe8a2d000 	C:\WINDOWS\System32\msvcp_win.dll
0x00007fffdc940000 - 0x00007fffdc94a000 	C:\WINDOWS\SYSTEM32\VERSION.dll
0x00007fffe8ea0000 - 0x00007fffe8ed0000 	C:\WINDOWS\System32\IMM32.DLL
0x00007fffc7e60000 - 0x00007fffc7efb000 	C:\Program Files\Java\jdk-11.0.12\bin\msvcp140.dll
0x00007fff9a720000 - 0x00007fff9b21f000 	C:\Program Files\Java\jdk-11.0.12\bin\server\jvm.dll
0x00007fffe9df0000 - 0x00007fffe9df8000 	C:\WINDOWS\System32\PSAPI.DLL
0x00007fffccd50000 - 0x00007fffccd77000 	C:\WINDOWS\SYSTEM32\WINMM.dll
0x00007fffd1de0000 - 0x00007fffd1de9000 	C:\WINDOWS\SYSTEM32\WSOCK32.dll
0x00007fffea720000 - 0x00007fffea78b000 	C:\WINDOWS\System32\WS2_32.dll
0x00007fffe5e10000 - 0x00007fffe5e22000 	C:\WINDOWS\SYSTEM32\kernel.appcore.dll
0x00007fffe1000000 - 0x00007fffe1010000 	C:\Program Files\Java\jdk-11.0.12\bin\verify.dll
0x00007fffd32e0000 - 0x00007fffd34c4000 	C:\WINDOWS\SYSTEM32\DBGHELP.DLL
0x00007fffd2e30000 - 0x00007fffd2e64000 	C:\WINDOWS\SYSTEM32\dbgcore.DLL
0x00007fffe84d0000 - 0x00007fffe8552000 	C:\WINDOWS\System32\bcryptPrimitives.dll
0x00007fffda430000 - 0x00007fffda458000 	C:\Program Files\Java\jdk-11.0.12\bin\java.dll
0x00007fffe04f0000 - 0x00007fffe04fa000 	C:\Program Files\Java\jdk-11.0.12\bin\jimage.dll
0x00007fffda410000 - 0x00007fffda426000 	C:\Program Files\Java\jdk-11.0.12\bin\zip.dll
0x00007fffe91b0000 - 0x00007fffe98f4000 	C:\WINDOWS\System32\SHELL32.dll
0x00007fffe60f0000 - 0x00007fffe688b000 	C:\WINDOWS\SYSTEM32\windows.storage.dll
0x00007fffea260000 - 0x00007fffea5b4000 	C:\WINDOWS\System32\combase.dll
0x00007fffe7940000 - 0x00007fffe796d000 	C:\WINDOWS\SYSTEM32\Wldp.dll
0x00007fffe9d40000 - 0x00007fffe9ded000 	C:\WINDOWS\System32\SHCORE.dll
0x00007fffea6c0000 - 0x00007fffea715000 	C:\WINDOWS\System32\shlwapi.dll
0x00007fffe7fe0000 - 0x00007fffe8005000 	C:\WINDOWS\SYSTEM32\profapi.dll
0x00007fffd9800000 - 0x00007fffd9819000 	C:\Program Files\Java\jdk-11.0.12\bin\net.dll
0x00007fffdcfa0000 - 0x00007fffdd0aa000 	C:\WINDOWS\SYSTEM32\WINHTTP.dll
0x00007fffe7720000 - 0x00007fffe778a000 	C:\WINDOWS\system32\mswsock.dll
0x00007fffd86b0000 - 0x00007fffd86c2000 	C:\Program Files\Java\jdk-11.0.12\bin\nio.dll
0x00007fffdbb10000 - 0x00007fffdbb19000 	C:\Program Files\Java\jdk-11.0.12\bin\management.dll
0x00007fffdb9d0000 - 0x00007fffdb9db000 	C:\Program Files\Java\jdk-11.0.12\bin\management_ext.dll
0x00007fffd1f40000 - 0x00007fffd1f57000 	C:\WINDOWS\system32\napinsp.dll
0x00007fffcce30000 - 0x00007fffcce4b000 	C:\WINDOWS\system32\pnrpnsp.dll
0x00007fffe22d0000 - 0x00007fffe22e5000 	C:\WINDOWS\system32\wshbth.dll
0x00007fffe3960000 - 0x00007fffe397d000 	C:\WINDOWS\system32\NLAapi.dll
0x00007fffe7430000 - 0x00007fffe746b000 	C:\WINDOWS\SYSTEM32\IPHLPAPI.DLL
0x00007fffe7470000 - 0x00007fffe753a000 	C:\WINDOWS\SYSTEM32\DNSAPI.dll
0x00007fffea980000 - 0x00007fffea988000 	C:\WINDOWS\System32\NSI.dll
0x00007fffccde0000 - 0x00007fffccdf2000 	C:\WINDOWS\System32\winrnr.dll
0x00007fffd93b0000 - 0x00007fffd93ba000 	C:\Windows\System32\rasadhlp.dll
0x00007fffdcaa0000 - 0x00007fffdcb22000 	C:\WINDOWS\System32\fwpuclnt.dll
0x00007fffe8280000 - 0x00007fffe82a7000 	C:\WINDOWS\System32\bcrypt.dll

dbghelp: loaded successfully - version: 4.0.5 - missing functions: none
symbol engine: initialized successfully - sym options: 0x614 - pdb path: .;C:\Program Files\Java\jdk-11.0.12\bin;C:\WINDOWS\SYSTEM32;C:\WINDOWS\WinSxS\amd64_microsoft.windows.common-controls_6595b64144ccf1df_6.0.19041.3570_none_60bb2a3971f3e41a;C:\Program Files\Java\jdk-11.0.12\bin\server

VM Arguments:
java_command: c:\Users\Stutya\.vscode\extensions\salesforce.salesforce-vscode-slds-1.4.8\lsp-0.0.13-executable.jar --PORT=57990
java_class_path (initial): c:\Users\Stutya\.vscode\extensions\salesforce.salesforce-vscode-slds-1.4.8\lsp-0.0.13-executable.jar
Launcher Type: SUN_STANDARD

[Global flags]
     intx CICompilerCount                          = 3                                         {product} {ergonomic}
     uint ConcGCThreads                            = 1                                         {product} {ergonomic}
     uint G1ConcRefinementThreads                  = 4                                         {product} {ergonomic}
   size_t G1HeapRegionSize                         = 1048576                                   {product} {ergonomic}
    uintx GCDrainStackTargetSize                   = 64                                        {product} {ergonomic}
   size_t InitialHeapSize                          = 134217728                                 {product} {ergonomic}
   size_t MarkStackSize                            = 4194304                                   {product} {ergonomic}
   size_t MaxHeapSize                              = 2126512128                                {product} {ergonomic}
   size_t MaxNewSize                               = 1275068416                                {product} {ergonomic}
   size_t MinHeapDeltaBytes                        = 1048576                                   {product} {ergonomic}
    uintx NonNMethodCodeHeapSize                   = 5830732                                {pd product} {ergonomic}
    uintx NonProfiledCodeHeapSize                  = 122913754                              {pd product} {ergonomic}
    uintx ProfiledCodeHeapSize                     = 122913754                              {pd product} {ergonomic}
    uintx ReservedCodeCacheSize                    = 251658240                              {pd product} {ergonomic}
     bool SegmentedCodeCache                       = true                                      {product} {ergonomic}
     bool UseCompressedClassPointers               = true                                 {lp64_product} {ergonomic}
     bool UseCompressedOops                        = true                                 {lp64_product} {ergonomic}
     bool UseG1GC                                  = true                                      {product} {ergonomic}
     bool UseLargePagesIndividualAllocation        = false                                  {pd product} {ergonomic}

Logging:
Log output configuration:
 #0: stdout all=warning uptime,level,tags
 #1: stderr all=off uptime,level,tags

Environment Variables:
JAVA_HOME=C:\Program Files\Java\jdk-11.0.12
PATH=C:\Program Files\Common Files\Oracle\Java\javapath;C:\Program Files (x86)\Common Files\Intel\Shared Libraries\redist\intel64\compiler;C:\WINDOWS\system32;C:\WINDOWS;C:\WINDOWS\System32\Wbem;C:\WINDOWS\System32\WindowsPowerShell\v1.0\;C:\WINDOWS\System32\OpenSSH\;C:\Program Files\dotnet\;C:\Program Files (x86)\Java\jdk1.8.0_301\bin;C:\Program Files\Java\jdk-11.0.12\bin;C:\Program Files\nodejs\;C:\Program Files\Git\cmd;C:\ProgramData\chocolatey\bin;C:\Program Files\PuTTY\;C:\Program Files\Go\bin;C:\Ruby32-x64\bin;C:\Users\Stutya\scoop\shims;C:\Program Files\MySQL\MySQL Shell 8.0\bin\;C:\Users\Stutya\.cargo\bin;C:\Users\Stutya\.local\share\solana\install\active_release\bin;C:\Users\Stutya\AppData\Local\Programs\Python\Python39\Scripts\;C:\Users\Stutya\AppData\Local\Programs\Python\Python39\;C:\Users\Stutya\AppData\Local\Microsoft\WindowsApps;C:\Users\Stutya\AppData\Local\Programs\Microsoft VS Code\bin;C:\Users\Stutya\.dotnet\tools;C:\Users\Stutya\AppData\Roaming\npm;C:\Users\Stutya\AppData\Local\Android\sdk\platform-tools;C:\Program Files\sfdx\bin;C:\Users\Stutya\go\bin;C:\Users\Stutya\Videos\mongosh-1.10.1-win32-x64\bin;C:\Program Files\heroku\bin;C:\Users\Stutya\AppData\Local\JetBrains\PyCharm 2023.2\bin;;C:\Program Files\JetBrains\GoLand 2023.2.3\bin;
USERNAME=Stutya
OS=Windows_NT
PROCESSOR_IDENTIFIER=Intel64 Family 6 Model 42 Stepping 7, GenuineIntel



---------------  S Y S T E M  ---------------

OS: Windows 10 , 64 bit Build 19041 (10.0.19041.3570)
Hyper-V role detected

CPU:total 4 (initial active 4) (2 cores per cpu, 2 threads per core) family 6 model 42 stepping 7 microcode 0x2f, cmov, cx8, fxsr, mmx, sse, sse2, sse3, ssse3, sse4.1, sse4.2, popcnt, avx, aes, clmul, ht, tsc, tscinvbit

Memory: 4k page, system-wide physical 8105M (903M free)
TotalPageFile size 10153M (AvailPageFile size 16M)
current process WorkingSet (physical memory assigned to process): 184M, peak: 189M
current process commit charge ("private bytes"): 264M, peak: 269M

vm_info: Java HotSpot(TM) 64-Bit Server VM (11.0.12+8-LTS-237) for windows-amd64 JRE (11.0.12+8-LTS-237), built on Jun  8 2021 11:25:59 by "mach5one" with MS VC++ 15.9 (VS2017)

END.
